#
# There is insufficient memory for the Java Runtime Environment to continue.
# Native memory allocation (malloc) failed to allocate 234016 bytes for Chunk::new
# Possible reasons:
#   The system is out of physical RAM or swap space
#   In 32 bit mode, the process size limit was hit
# Possible solutions:
#   Reduce memory load on the system
#   Increase physical memory or swap space
#   Check if swap backing store is full
#   Use 64 bit Java on a 64 bit OS
#   Decrease Java heap size (-Xmx/-Xms)
#   Decrease number of Java threads
#   Decrease Java thread stack sizes (-Xss)
#   Set larger code cache with -XX:ReservedCodeCacheSize=
# This output file may be truncated or incomplete.
#
#  Out of Memory Error (allocation.cpp:390), pid=76272, tid=0x0000000000012064
#
# JRE version: OpenJDK Runtime Environment (8.0_152-b02) (build 1.8.0_152-release-1024-b02)
# Java VM: OpenJDK 64-Bit Server VM (25.152-b02 mixed mode windows-amd64 compressed oops)
# Failed to write core dump. Minidumps are not enabled by default on client versions of Windows
#

---------------  T H R E A D  ---------------

Current thread (0x0000000018e5b000):  JavaThread "C2 CompilerThread0" daemon [_thread_in_native, id=73828, stack(0x0000000019620000,0x0000000019720000)]

Stack: [0x0000000019620000,0x0000000019720000]
[error occurred during error reporting (printing stack bounds), id 0xc0000005]

Native frames: (J=compiled Java code, j=interpreted, Vv=VM code, C=native code)


Current CompileTask:
C2:2752013 8915       4       com.android.ide.common.symbols.SymbolIo::readLine (182 bytes)


---------------  P R O C E S S  ---------------

Java Threads: ( => current thread )
  0x000000001cee5000 JavaThread "stdout" daemon [_thread_in_native, id=54768, stack(0x000000002b250000,0x000000002b350000)]
  0x000000001cee2000 JavaThread "stderr" daemon [_thread_in_native, id=73008, stack(0x000000002b150000,0x000000002b250000)]
  0x000000001ced9800 JavaThread "stdout" daemon [_thread_in_native, id=70168, stack(0x000000002b050000,0x000000002b150000)]
  0x000000001cedd000 JavaThread "stderr" daemon [_thread_in_native, id=62888, stack(0x000000002af50000,0x000000002b050000)]
  0x000000001cedc000 JavaThread "stdout" daemon [_thread_in_native, id=72616, stack(0x000000002ae50000,0x000000002af50000)]
  0x000000001cee0000 JavaThread "stderr" daemon [_thread_in_native, id=77684, stack(0x000000002ad50000,0x000000002ae50000)]
  0x000000001cedf000 JavaThread "stdout" daemon [_thread_in_native, id=76692, stack(0x000000002ac50000,0x000000002ad50000)]
  0x000000001cede800 JavaThread "stderr" daemon [_thread_in_native, id=79048, stack(0x000000002ab50000,0x000000002ac50000)]
  0x000000001cedb800 JavaThread "stdout" daemon [_thread_in_native, id=79100, stack(0x000000002aa50000,0x000000002ab50000)]
  0x000000001ceda800 JavaThread "stderr" daemon [_thread_in_native, id=77868, stack(0x000000002a950000,0x000000002aa50000)]
  0x000000001cee0800 JavaThread "stdout" daemon [_thread_in_native, id=13356, stack(0x000000002a850000,0x000000002a950000)]
  0x000000001cedd800 JavaThread "stderr" daemon [_thread_in_native, id=73892, stack(0x000000002a750000,0x000000002a850000)]
  0x0000000019f31000 JavaThread "stdout" daemon [_thread_in_native, id=75840, stack(0x000000002a650000,0x000000002a750000)]
  0x0000000019f33800 JavaThread "stderr" daemon [_thread_in_native, id=73972, stack(0x000000002a550000,0x000000002a650000)]
  0x0000000019f35000 JavaThread "stdout" daemon [_thread_in_native, id=76804, stack(0x000000002a450000,0x000000002a550000)]
  0x0000000019f32800 JavaThread "stderr" daemon [_thread_in_native, id=66420, stack(0x000000002a350000,0x000000002a450000)]
  0x000000001afba800 JavaThread "queued-resource-processor_16" daemon [_thread_blocked, id=77044, stack(0x000000002a250000,0x000000002a350000)]
  0x000000001afba000 JavaThread "queued-resource-processor_15" daemon [_thread_blocked, id=78980, stack(0x000000002a150000,0x000000002a250000)]
  0x000000001afb8800 JavaThread "queued-resource-processor_14" daemon [_thread_blocked, id=68424, stack(0x000000002a050000,0x000000002a150000)]
  0x000000001afb4000 JavaThread "queued-resource-processor_13" daemon [_thread_blocked, id=71064, stack(0x0000000029f50000,0x000000002a050000)]
  0x000000001afb7800 JavaThread "queued-resource-processor_12" daemon [_thread_blocked, id=77020, stack(0x0000000029e50000,0x0000000029f50000)]
  0x000000001afb7000 JavaThread "queued-resource-processor_11" daemon [_thread_blocked, id=61516, stack(0x0000000029d50000,0x0000000029e50000)]
  0x000000001afb6000 JavaThread "queued-resource-processor_10" daemon [_thread_blocked, id=65524, stack(0x0000000029c50000,0x0000000029d50000)]
  0x000000001afb9000 JavaThread "queued-resource-processor_9" daemon [_thread_blocked, id=75736, stack(0x0000000029b50000,0x0000000029c50000)]
  0x0000000019f32000 JavaThread "Task worker for ':' Thread 7" [_thread_blocked, id=79684, stack(0x0000000028150000,0x0000000028250000)]
  0x0000000019f29000 JavaThread "Task worker for ':' Thread 6" [_thread_blocked, id=74660, stack(0x0000000028050000,0x0000000028150000)]
  0x0000000019f2f800 JavaThread "Task worker for ':' Thread 5" [_thread_in_Java, id=78640, stack(0x0000000027f50000,0x0000000028050000)]
  0x0000000019f2f000 JavaThread "Task worker for ':' Thread 4" [_thread_blocked, id=75896, stack(0x0000000027e50000,0x0000000027f50000)]
  0x0000000019f27800 JavaThread "Task worker for ':' Thread 3" [_thread_blocked, id=75596, stack(0x0000000027d50000,0x0000000027e50000)]
  0x0000000019f2e000 JavaThread "Task worker for ':' Thread 2" [_thread_blocked, id=54644, stack(0x0000000027c50000,0x0000000027d50000)]
  0x0000000019f2d800 JavaThread "Task worker for ':'" [_thread_blocked, id=71880, stack(0x0000000027b50000,0x0000000027c50000)]
  0x0000000019f2b000 JavaThread "Cache worker for Build Output Cleanup Cache (D:\AndroidStudioProjects\SkillVow\.gradle\buildOutputCleanup)" [_thread_blocked, id=71928, stack(0x0000000027a50000,0x0000000027b50000)]
  0x000000001f219800 JavaThread "Cache worker for task history cache (D:\AndroidStudioProjects\SkillVow\.gradle\4.4\taskHistory)" [_thread_blocked, id=79744, stack(0x0000000027950000,0x0000000027a50000)]
  0x000000001f21b800 JavaThread "Cache worker for file content cache (D:\AndroidStudioProjects\SkillVow\.gradle\4.4\fileContent)" [_thread_blocked, id=72336, stack(0x0000000027850000,0x0000000027950000)]
  0x000000001f21a000 JavaThread "build operations Thread 8" [_thread_blocked, id=13608, stack(0x0000000027750000,0x0000000027850000)]
  0x000000001f218000 JavaThread "build operations Thread 7" [_thread_blocked, id=73644, stack(0x0000000027650000,0x0000000027750000)]
  0x000000001f217000 JavaThread "build operations Thread 6" [_thread_blocked, id=28224, stack(0x0000000027550000,0x0000000027650000)]
  0x000000001f21b000 JavaThread "build operations Thread 5" [_thread_blocked, id=77604, stack(0x0000000027450000,0x0000000027550000)]
  0x000000001f218800 JavaThread "build operations Thread 4" [_thread_blocked, id=12588, stack(0x0000000027350000,0x0000000027450000)]
  0x000000001f216800 JavaThread "build operations Thread 3" [_thread_blocked, id=77628, stack(0x0000000027250000,0x0000000027350000)]
  0x000000001f20f000 JavaThread "build operations Thread 2" [_thread_blocked, id=77156, stack(0x0000000027150000,0x0000000027250000)]
  0x000000001f210800 JavaThread "build operations" [_thread_blocked, id=17756, stack(0x0000000027050000,0x0000000027150000)]
  0x000000001f215800 JavaThread "Cache worker for Artifact transforms cache (C:\Users\Jason\.gradle\caches\transforms-1)" [_thread_blocked, id=71040, stack(0x0000000026f50000,0x0000000027050000)]
  0x000000001f20e000 JavaThread "Cache worker for file hash cache (D:\AndroidStudioProjects\SkillVow\.gradle\4.4\fileHashes)" [_thread_blocked, id=71544, stack(0x0000000026e50000,0x0000000026f50000)]
  0x000000001f215000 JavaThread "Stdin handler" [_thread_blocked, id=60768, stack(0x0000000026d50000,0x0000000026e50000)]
  0x000000001f20f800 JavaThread "Asynchronous log dispatcher for DefaultDaemonConnection: socket connection from /127.0.0.1:64134 to /127.0.0.1:51749" [_thread_blocked, id=75564, stack(0x0000000026c50000,0x0000000026d50000)]
  0x000000001f211000 JavaThread "Daemon worker Thread 2" [_thread_blocked, id=77720, stack(0x0000000026b50000,0x0000000026c50000)]
  0x000000001f214000 JavaThread "Cancel handler" [_thread_blocked, id=28604, stack(0x0000000026a50000,0x0000000026b50000)]
  0x000000001f20c800 JavaThread "Handler for socket connection from /127.0.0.1:64134 to /127.0.0.1:51749" [_thread_in_native, id=70960, stack(0x0000000026950000,0x0000000026a50000)]
  0x000000001f213800 JavaThread "Daemon Thread 2" [_thread_blocked, id=79264, stack(0x0000000026850000,0x0000000026950000)]
  0x0000000019f28000 JavaThread "Memory manager" [_thread_blocked, id=54568, stack(0x0000000022670000,0x0000000022770000)]
  0x000000001afcc000 JavaThread "File lock request listener" [_thread_in_native, id=72188, stack(0x000000001c870000,0x000000001c970000)]
  0x000000001af05800 JavaThread "Cache worker for file hash cache (C:\Users\Jason\.gradle\caches\4.4\fileHashes)" [_thread_blocked, id=77336, stack(0x000000001c770000,0x000000001c870000)]
  0x000000001ac9c800 JavaThread "Daemon periodic checks" [_thread_blocked, id=79220, stack(0x000000001bb70000,0x000000001bc70000)]
  0x000000001ac9b000 JavaThread "Incoming local TCP Connector on port 64134" [_thread_in_native, id=70888, stack(0x000000001b930000,0x000000001ba30000)]
  0x0000000018ead000 JavaThread "Service Thread" daemon [_thread_blocked, id=69676, stack(0x0000000019a20000,0x0000000019b20000)]
  0x0000000016f6e000 JavaThread "C1 CompilerThread3" daemon [_thread_blocked, id=63032, stack(0x0000000019920000,0x0000000019a20000)]
  0x0000000016f6b000 JavaThread "C2 CompilerThread2" daemon [_thread_blocked, id=72928, stack(0x0000000019820000,0x0000000019920000)]
  0x0000000018e5f000 JavaThread "C2 CompilerThread1" daemon [_thread_blocked, id=71000, stack(0x0000000019720000,0x0000000019820000)]
=>0x0000000018e5b000 JavaThread "C2 CompilerThread0" daemon [_thread_in_native, id=73828, stack(0x0000000019620000,0x0000000019720000)]
  0x0000000018e59800 JavaThread "Attach Listener" daemon [_thread_blocked, id=64372, stack(0x0000000019520000,0x0000000019620000)]
  0x0000000018e58800 JavaThread "Signal Dispatcher" daemon [_thread_blocked, id=77168, stack(0x0000000019420000,0x0000000019520000)]
  0x000000000319e800 JavaThread "Finalizer" daemon [_thread_blocked, id=79288, stack(0x0000000019230000,0x0000000019330000)]
  0x0000000016f5b800 JavaThread "Reference Handler" daemon [_thread_blocked, id=76432, stack(0x0000000018d30000,0x0000000018e30000)]
  0x0000000002edd800 JavaThread "main" [_thread_blocked, id=18640, stack(0x0000000002fa0000,0x00000000030a0000)]

Other Threads:
  0x0000000016f57800 VMThread [stack: 0x0000000018c30000,0x0000000018d30000] [id=76840]
  0x0000000018ead800 WatcherThread [stack: 0x0000000019b20000,0x0000000019c20000] [id=76672]

VM state:not at safepoint (normal execution)

VM Mutex/Monitor currently owned by a thread: None

Heap:
 PSYoungGen      total 176128K, used 137404K [0x00000000e0000000, 0x00000000ec500000, 0x0000000100000000)
  eden space 156672K, 87% used [0x00000000e0000000,0x00000000e862f250,0x00000000e9900000)
  from space 19456K, 0% used [0x00000000eaf00000,0x00000000eaf00000,0x00000000ec200000)
  to   space 22528K, 0% used [0x00000000e9900000,0x00000000e9900000,0x00000000eaf00000)
 ParOldGen       total 147456K, used 33967K [0x00000000a0000000, 0x00000000a9000000, 0x00000000e0000000)
  object space 147456K, 23% used [0x00000000a0000000,0x00000000a212bfa8,0x00000000a9000000)
 Metaspace       used 60064K, capacity 61994K, committed 62168K, reserved 1103872K
  class space    used 7962K, capacity 8416K, committed 8448K, reserved 1048576K

Card table byte_map: [0x0000000012560000,0x0000000012870000] byte_map_base: 0x0000000012060000

Marking Bits: (ParMarkBitMap*) 0x0000000062c44970
 Begin Bits: [0x0000000013270000, 0x0000000014a70000)
 End Bits:   [0x0000000014a70000, 0x0000000016270000)

Polling page: 0x0000000001250000

CodeCache: size=245760Kb used=25335Kb max_used=25346Kb free=220425Kb
 bounds [0x00000000031a0000, 0x0000000004a80000, 0x00000000121a0000]
 total_blobs=8515 nmethods=7738 adapters=689
 compilation: enabled

Compilation events (10 events):
Event: 2751.700 Thread 0x0000000018e5f000 nmethod 8911 0x0000000004a76c10 code [0x0000000004a76d60, 0x0000000004a76fd8]
Event: 2751.701 Thread 0x0000000018e5b000 8912       4       java.util.LinkedHashMap::entrySet (27 bytes)
Event: 2751.701 Thread 0x0000000016f6b000 8913       4       java.util.LinkedHashMap$LinkedEntrySet::iterator (12 bytes)
Event: 2751.702 Thread 0x0000000018e5b000 nmethod 8912 0x0000000004a779d0 code [0x0000000004a77b20, 0x0000000004a77c18]
Event: 2751.702 Thread 0x0000000016f6b000 nmethod 8913 0x0000000004a7b350 code [0x0000000004a7b4a0, 0x0000000004a7b5b8]
Event: 2751.721 Thread 0x0000000018e5f000 8914       4       java.io.BufferedReader::readLine (6 bytes)
Event: 2751.722 Thread 0x0000000018e5f000 nmethod 8914 0x0000000004a499d0 code [0x0000000004a49b20, 0x0000000004a49ba8]
Event: 2751.754 Thread 0x0000000018e5b000 8915       4       com.android.ide.common.symbols.SymbolIo::readLine (182 bytes)
Event: 2751.764 Thread 0x0000000016f6b000 8916       4       java.util.LinkedHashMap::afterNodeAccess (116 bytes)
Event: 2751.765 Thread 0x0000000016f6b000 nmethod 8916 0x0000000004a7afd0 code [0x0000000004a7b120, 0x0000000004a7b278]

GC Heap History (10 events):
Event: 8.913 GC heap before
{Heap before GC invocations=9 (full 2):
 PSYoungGen      total 139264K, used 9721K [0x00000000e0000000, 0x00000000e9980000, 0x0000000100000000)
  eden space 129536K, 0% used [0x00000000e0000000,0x00000000e0000000,0x00000000e7e80000)
  from space 9728K, 99% used [0x00000000e7e80000,0x00000000e87fe768,0x00000000e8800000)
  to   space 12288K, 0% used [0x00000000e8d80000,0x00000000e8d80000,0x00000000e9980000)
 ParOldGen       total 63488K, used 11130K [0x00000000a0000000, 0x00000000a3e00000, 0x00000000e0000000)
  object space 63488K, 17% used [0x00000000a0000000,0x00000000a0ade900,0x00000000a3e00000)
 Metaspace       used 34670K, capacity 35230K, committed 35416K, reserved 1079296K
  class space    used 4785K, capacity 4967K, committed 4992K, reserved 1048576K
Event: 9.023 GC heap after
Heap after GC invocations=9 (full 2):
 PSYoungGen      total 139264K, used 0K [0x00000000e0000000, 0x00000000e9980000, 0x0000000100000000)
  eden space 129536K, 0% used [0x00000000e0000000,0x00000000e0000000,0x00000000e7e80000)
  from space 9728K, 0% used [0x00000000e7e80000,0x00000000e7e80000,0x00000000e8800000)
  to   space 12288K, 0% used [0x00000000e8d80000,0x00000000e8d80000,0x00000000e9980000)
 ParOldGen       total 101888K, used 19103K [0x00000000a0000000, 0x00000000a6380000, 0x00000000e0000000)
  object space 101888K, 18% used [0x00000000a0000000,0x00000000a12a7ca0,0x00000000a6380000)
 Metaspace       used 34670K, capacity 35230K, committed 35416K, reserved 1079296K
  class space    used 4785K, capacity 4967K, committed 4992K, reserved 1048576K
}
Event: 11.024 GC heap before
{Heap before GC invocations=10 (full 2):
 PSYoungGen      total 139264K, used 129536K [0x00000000e0000000, 0x00000000e9980000, 0x0000000100000000)
  eden space 129536K, 100% used [0x00000000e0000000,0x00000000e7e80000,0x00000000e7e80000)
  from space 9728K, 0% used [0x00000000e7e80000,0x00000000e7e80000,0x00000000e8800000)
  to   space 12288K, 0% used [0x00000000e8d80000,0x00000000e8d80000,0x00000000e9980000)
 ParOldGen       total 101888K, used 19103K [0x00000000a0000000, 0x00000000a6380000, 0x00000000e0000000)
  object space 101888K, 18% used [0x00000000a0000000,0x00000000a12a7ca0,0x00000000a6380000)
 Metaspace       used 43066K, capacity 43914K, committed 44120K, reserved 1087488K
  class space    used 5943K, capacity 6206K, committed 6272K, reserved 1048576K
Event: 11.040 GC heap after
Heap after GC invocations=10 (full 2):
 PSYoungGen      total 142336K, used 12280K [0x00000000e0000000, 0x00000000ed300000, 0x0000000100000000)
  eden space 130048K, 0% used [0x00000000e0000000,0x00000000e0000000,0x00000000e7f00000)
  from space 12288K, 99% used [0x00000000e8d80000,0x00000000e997e200,0x00000000e9980000)
  to   space 14848K, 0% used [0x00000000e7f00000,0x00000000e7f00000,0x00000000e8d80000)
 ParOldGen       total 101888K, used 20997K [0x00000000a0000000, 0x00000000a6380000, 0x00000000e0000000)
  object space 101888K, 20% used [0x00000000a0000000,0x00000000a1481570,0x00000000a6380000)
 Metaspace       used 43066K, capacity 43914K, committed 44120K, reserved 1087488K
  class space    used 5943K, capacity 6206K, committed 6272K, reserved 1048576K
}
Event: 15.065 GC heap before
{Heap before GC invocations=11 (full 2):
 PSYoungGen      total 142336K, used 142328K [0x00000000e0000000, 0x00000000ed300000, 0x0000000100000000)
  eden space 130048K, 100% used [0x00000000e0000000,0x00000000e7f00000,0x00000000e7f00000)
  from space 12288K, 99% used [0x00000000e8d80000,0x00000000e997e200,0x00000000e9980000)
  to   space 14848K, 0% used [0x00000000e7f00000,0x00000000e7f00000,0x00000000e8d80000)
 ParOldGen       total 101888K, used 20997K [0x00000000a0000000, 0x00000000a6380000, 0x00000000e0000000)
  object space 101888K, 20% used [0x00000000a0000000,0x00000000a1481570,0x00000000a6380000)
 Metaspace       used 53656K, capacity 55312K, committed 55384K, reserved 1097728K
  class space    used 7366K, capacity 7771K, committed 7808K, reserved 1048576K
Event: 15.082 GC heap after
Heap after GC invocations=11 (full 2):
 PSYoungGen      total 144896K, used 14832K [0x00000000e0000000, 0x00000000ec200000, 0x0000000100000000)
  eden space 130048K, 0% used [0x00000000e0000000,0x00000000e0000000,0x00000000e7f00000)
  from space 14848K, 99% used [0x00000000e7f00000,0x00000000e8d7c1a8,0x00000000e8d80000)
  to   space 19456K, 0% used [0x00000000eaf00000,0x00000000eaf00000,0x00000000ec200000)
 ParOldGen       total 101888K, used 26950K [0x00000000a0000000, 0x00000000a6380000, 0x00000000e0000000)
  object space 101888K, 26% used [0x00000000a0000000,0x00000000a1a51a18,0x00000000a6380000)
 Metaspace       used 53656K, capacity 55312K, committed 55384K, reserved 1097728K
  class space    used 7366K, capacity 7771K, committed 7808K, reserved 1048576K
}
Event: 18.449 GC heap before
{Heap before GC invocations=12 (full 2):
 PSYoungGen      total 144896K, used 96265K [0x00000000e0000000, 0x00000000ec200000, 0x0000000100000000)
  eden space 130048K, 62% used [0x00000000e0000000,0x00000000e4f86358,0x00000000e7f00000)
  from space 14848K, 99% used [0x00000000e7f00000,0x00000000e8d7c1a8,0x00000000e8d80000)
  to   space 19456K, 0% used [0x00000000eaf00000,0x00000000eaf00000,0x00000000ec200000)
 ParOldGen       total 101888K, used 26950K [0x00000000a0000000, 0x00000000a6380000, 0x00000000e0000000)
  object space 101888K, 26% used [0x00000000a0000000,0x00000000a1a51a18,0x00000000a6380000)
 Metaspace       used 57293K, capacity 58944K, committed 59028K, reserved 1099776K
  class space    used 7729K, capacity 8121K, committed 8192K, reserved 1048576K
Event: 18.469 GC heap after
Heap after GC invocations=12 (full 2):
 PSYoungGen      total 176128K, used 19438K [0x00000000e0000000, 0x00000000ec500000, 0x0000000100000000)
  eden space 156672K, 0% used [0x00000000e0000000,0x00000000e0000000,0x00000000e9900000)
  from space 19456K, 99% used [0x00000000eaf00000,0x00000000ec1fba18,0x00000000ec200000)
  to   space 22528K, 0% used [0x00000000e9900000,0x00000000e9900000,0x00000000eaf00000)
 ParOldGen       total 101888K, used 28647K [0x00000000a0000000, 0x00000000a6380000, 0x00000000e0000000)
  object space 101888K, 28% used [0x00000000a0000000,0x00000000a1bf9de8,0x00000000a6380000)
 Metaspace       used 57293K, capacity 58944K, committed 59028K, reserved 1099776K
  class space    used 7729K, capacity 8121K, committed 8192K, reserved 1048576K
}
Event: 18.469 GC heap before
{Heap before GC invocations=13 (full 3):
 PSYoungGen      total 176128K, used 19438K [0x00000000e0000000, 0x00000000ec500000, 0x0000000100000000)
  eden space 156672K, 0% used [0x00000000e0000000,0x00000000e0000000,0x00000000e9900000)
  from space 19456K, 99% used [0x00000000eaf00000,0x00000000ec1fba18,0x00000000ec200000)
  to   space 22528K, 0% used [0x00000000e9900000,0x00000000e9900000,0x00000000eaf00000)
 ParOldGen       total 101888K, used 28647K [0x00000000a0000000, 0x00000000a6380000, 0x00000000e0000000)
  object space 101888K, 28% used [0x00000000a0000000,0x00000000a1bf9de8,0x00000000a6380000)
 Metaspace       used 57293K, capacity 58944K, committed 59028K, reserved 1099776K
  class space    used 7729K, capacity 8121K, committed 8192K, reserved 1048576K
Event: 18.610 GC heap after
Heap after GC invocations=13 (full 3):
 PSYoungGen      total 176128K, used 0K [0x00000000e0000000, 0x00000000ec500000, 0x0000000100000000)
  eden space 156672K, 0% used [0x00000000e0000000,0x00000000e0000000,0x00000000e9900000)
  from space 19456K, 0% used [0x00000000eaf00000,0x00000000eaf00000,0x00000000ec200000)
  to   space 22528K, 0% used [0x00000000e9900000,0x00000000e9900000,0x00000000eaf00000)
 ParOldGen       total 147456K, used 33967K [0x00000000a0000000, 0x00000000a9000000, 0x00000000e0000000)
  object space 147456K, 23% used [0x00000000a0000000,0x00000000a212bfa8,0x00000000a9000000)
 Metaspace       used 57293K, capacity 58944K, committed 59028K, reserved 1099776K
  class space    used 7729K, capacity 8121K, committed 8192K, reserved 1048576K
}

Deoptimization events (10 events):
Event: 2741.730 Thread 0x0000000019f2f800 Uncommon trap: reason=class_check action=maybe_recompile pc=0x0000000003939224 method=com.sun.org.apache.xerces.internal.dom.ElementImpl.getAttributes()Lorg/w3c/dom/NamedNodeMap; @ 8
Event: 2741.730 Thread 0x0000000019f2f800 Uncommon trap: reason=bimorphic action=maybe_recompile pc=0x00000000049a1834 method=com.android.ide.common.res2.NodeUtils.processSingleNodeNamespace(Lorg/w3c/dom/Node;Lorg/w3c/dom/Document;)Z @ 100
Event: 2741.833 Thread 0x000000001afba000 Uncommon trap: reason=unstable_if action=reinterpret pc=0x00000000035fa79c method=java.util.concurrent.ConcurrentHashMap.addCount(JI)V @ 34
Event: 2742.069 Thread 0x000000001f219800 Uncommon trap: reason=unstable_if action=reinterpret pc=0x000000000330e370 method=com.esotericsoftware.kryo.io.Output.writeInt(IZ)I @ 17
Event: 2742.125 Thread 0x0000000019f2f800 Uncommon trap: reason=bimorphic action=maybe_recompile pc=0x000000000489d25c method=com.google.common.collect.TransformedIterator.hasNext()Z @ 4
Event: 2742.127 Thread 0x0000000019f2f800 Uncommon trap: reason=bimorphic action=maybe_recompile pc=0x000000000489d25c method=com.google.common.collect.TransformedIterator.hasNext()Z @ 4
Event: 2742.241 Thread 0x0000000019f2f800 Uncommon trap: reason=unstable_if action=reinterpret pc=0x00000000048fdbf8 method=com.google.gson.stream.JsonReader.peek()Lcom/google/gson/stream/JsonToken; @ 6
Event: 2742.465 Thread 0x000000001afb6000 Uncommon trap: reason=unstable_if action=reinterpret pc=0x000000000367831c method=java.util.concurrent.ConcurrentHashMap.addCount(JI)V @ 7
Event: 2742.472 Thread 0x000000001afb6000 Uncommon trap: reason=class_check action=maybe_recompile pc=0x00000000035db78c method=java.util.Iterator.forEachRemaining(Ljava/util/function/Consumer;)V @ 6
Event: 2742.472 Thread 0x000000001afb6000 Uncommon trap: reason=unstable_if action=reinterpret pc=0x000000000336e400 method=java.nio.file.FileTreeWalker.getAttributes(Ljava/nio/file/Path;Z)Ljava/nio/file/attribute/BasicFileAttributes; @ 35

Classes redefined (0 events):
No events

Internal exceptions (10 events):
Event: 18.657 Thread 0x000000001acfa800 Exception <a 'java/lang/NoSuchMethodError': <clinit>> (0x00000000e0980c38) thrown at [D:\src\AOSP-openjdk-cygwin\jdk8u\hotspot\src\share\vm\prims\jni.cpp, line 1613]
Event: 18.659 Thread 0x000000001acfa800 Exception <a 'java/lang/NoSuchMethodError': <clinit>> (0x00000000e09856b0) thrown at [D:\src\AOSP-openjdk-cygwin\jdk8u\hotspot\src\share\vm\prims\jni.cpp, line 1613]
Event: 18.687 Thread 0x000000001acfe000 Exception <a 'java/lang/NoSuchMethodError': <clinit>> (0x00000000e0a1ae00) thrown at [D:\src\AOSP-openjdk-cygwin\jdk8u\hotspot\src\share\vm\prims\jni.cpp, line 1613]
Event: 2738.634 Thread 0x000000001f211000 Exception <a 'sun/nio/fs/WindowsException'> (0x00000000e2d24448) thrown at [D:\src\AOSP-openjdk-cygwin\jdk8u\hotspot\src\share\vm\prims\jni.cpp, line 709]
Event: 2739.703 Thread 0x0000000019f2f800 Implicit null exception at 0x0000000003d700d4 to 0x0000000003d710e5
Event: 2739.745 Thread 0x0000000019f2f800 Implicit null exception at 0x000000000441841c to 0x0000000004418f71
Event: 2740.983 Thread 0x0000000019f2f800 Implicit null exception at 0x00000000045a422f to 0x00000000045a483d
Event: 2741.710 Thread 0x0000000019f2f800 Implicit null exception at 0x0000000004955e17 to 0x0000000004956175
Event: 2742.571 Thread 0x000000001afb6000 Exception <a 'java/lang/NoSuchMethodError': java.lang.Object.lambda$negate$1(Ljava/lang/Object;)Z> (0x00000000e7e4c380) thrown at [D:\src\AOSP-openjdk-cygwin\jdk8u\hotspot\src\share\vm\interpreter\linkResolver.cpp, line 584]
Event: 2751.421 Thread 0x0000000019f2f800 Exception <a 'java/lang/NoSuchMethodError': java.lang.Object.lambda$comparingInt$7b0bb60$1(Ljava/util/function/ToIntFunction;Ljava/lang/Object;Ljava/lang/Object;)I> (0x00000000e8069a80) thrown at [D:\src\AOSP-openjdk-cygwin\jdk8u\hotspot\src\share\vm\inte

Events (10 events):
Event: 2751.519 loading class com/google/common/collect/Tables$AbstractCell
Event: 2751.519 loading class com/google/common/collect/Tables$AbstractCell done
Event: 2751.578 loading class com/android/ide/common/symbols/SymbolUtils
Event: 2751.578 loading class com/android/ide/common/symbols/SymbolUtils done
Event: 2751.591 loading class com/android/io/IAbstractFile
Event: 2751.591 loading class com/android/io/IAbstractFile done
Event: 2751.628 loading class com/android/ide/common/symbols/SymbolIo$InOrderHandler
Event: 2751.628 loading class com/android/ide/common/symbols/SymbolIo$InOrderHandler done
Event: 2751.630 loading class com/android/ide/common/symbols/SymbolIo$LineReader
Event: 2751.630 loading class com/android/ide/common/symbols/SymbolIo$LineReader done


Dynamic libraries:
0x00007ff765200000 - 0x00007ff765231000 	C:\Program Files\Android\Android Studio\jre\bin\java.exe
0x00007ff86c790000 - 0x00007ff86c971000 	C:\WINDOWS\SYSTEM32\ntdll.dll
0x00007ff869c20000 - 0x00007ff869cd2000 	C:\WINDOWS\System32\KERNEL32.DLL
0x00007ff869470000 - 0x00007ff8696e3000 	C:\WINDOWS\System32\KERNELBASE.dll
0x00007ff86a120000 - 0x00007ff86a1c1000 	C:\WINDOWS\System32\ADVAPI32.dll
0x00007ff86a3c0000 - 0x00007ff86a45e000 	C:\WINDOWS\System32\msvcrt.dll
0x00007ff86a360000 - 0x00007ff86a3bb000 	C:\WINDOWS\System32\sechost.dll
0x00007ff86aac0000 - 0x00007ff86abe4000 	C:\WINDOWS\System32\RPCRT4.dll
0x00007ff86a1d0000 - 0x00007ff86a360000 	C:\WINDOWS\System32\USER32.dll
0x00007ff8699e0000 - 0x00007ff869a00000 	C:\WINDOWS\System32\win32u.dll
0x00007ff869f50000 - 0x00007ff869f78000 	C:\WINDOWS\System32\GDI32.dll
0x00007ff869a00000 - 0x00007ff869b92000 	C:\WINDOWS\System32\gdi32full.dll
0x00007ff8696f0000 - 0x00007ff86978f000 	C:\WINDOWS\System32\msvcp_win.dll
0x00007ff869270000 - 0x00007ff86936a000 	C:\WINDOWS\System32\ucrtbase.dll
0x00007ff85ae20000 - 0x00007ff85b089000 	C:\WINDOWS\WinSxS\amd64_microsoft.windows.common-controls_6595b64144ccf1df_6.0.17134.112_none_fb3f961b30681c12\COMCTL32.dll
0x00007ff86c290000 - 0x00007ff86c5b3000 	C:\WINDOWS\System32\combase.dll
0x00007ff869ba0000 - 0x00007ff869c1a000 	C:\WINDOWS\System32\bcryptPrimitives.dll
0x00007ff86a0f0000 - 0x00007ff86a11d000 	C:\WINDOWS\System32\IMM32.DLL
0x0000000060000000 - 0x00000000600d2000 	C:\Program Files\Android\Android Studio\jre\jre\bin\msvcr100.dll
0x0000000062480000 - 0x0000000062cbf000 	C:\Program Files\Android\Android Studio\jre\jre\bin\server\jvm.dll
0x00007ff86a5b0000 - 0x00007ff86a5b8000 	C:\WINDOWS\System32\PSAPI.DLL
0x00007ff857600000 - 0x00007ff857609000 	C:\WINDOWS\SYSTEM32\WSOCK32.dll
0x00007ff865480000 - 0x00007ff8654a3000 	C:\WINDOWS\SYSTEM32\WINMM.dll
0x00007ff86a460000 - 0x00007ff86a4cc000 	C:\WINDOWS\System32\WS2_32.dll
0x00007ff860220000 - 0x00007ff86022a000 	C:\WINDOWS\SYSTEM32\VERSION.dll
0x00007ff865260000 - 0x00007ff86528a000 	C:\WINDOWS\SYSTEM32\winmmbase.dll
0x00007ff869370000 - 0x00007ff8693b9000 	C:\WINDOWS\System32\cfgmgr32.dll
0x00007ff864300000 - 0x00007ff86430f000 	C:\Program Files\Android\Android Studio\jre\jre\bin\verify.dll
0x00007ff859e90000 - 0x00007ff859eb9000 	C:\Program Files\Android\Android Studio\jre\jre\bin\java.dll
0x00007ff861de0000 - 0x00007ff861df6000 	C:\Program Files\Android\Android Studio\jre\jre\bin\zip.dll
0x00007ff86ae50000 - 0x00007ff86c290000 	C:\WINDOWS\System32\SHELL32.dll
0x00007ff86a5c0000 - 0x00007ff86a669000 	C:\WINDOWS\System32\shcore.dll
0x00007ff868b60000 - 0x00007ff86926d000 	C:\WINDOWS\System32\windows.storage.dll
0x00007ff86a4d0000 - 0x00007ff86a521000 	C:\WINDOWS\System32\shlwapi.dll
0x00007ff868b40000 - 0x00007ff868b51000 	C:\WINDOWS\System32\kernel.appcore.dll
0x00007ff868ab0000 - 0x00007ff868acf000 	C:\WINDOWS\System32\profapi.dll
0x00007ff868ad0000 - 0x00007ff868b1c000 	C:\WINDOWS\System32\powrprof.dll
0x00007ff868aa0000 - 0x00007ff868aaa000 	C:\WINDOWS\System32\FLTLIB.DLL
0x00007ff85cd70000 - 0x00007ff85cd8a000 	C:\Program Files\Android\Android Studio\jre\jre\bin\net.dll
0x00007ff868320000 - 0x00007ff868386000 	C:\WINDOWS\system32\mswsock.dll
0x00007ff85b660000 - 0x00007ff85b671000 	C:\Program Files\Android\Android Studio\jre\jre\bin\nio.dll
0x00007ff859440000 - 0x00007ff85945e000 	C:\Users\Jason\.gradle\native\25\windows-amd64\native-platform.dll
0x00007ff863c40000 - 0x00007ff863c4d000 	C:\Program Files\Android\Android Studio\jre\jre\bin\management.dll
0x00007ff8684d0000 - 0x00007ff8684e7000 	C:\WINDOWS\SYSTEM32\CRYPTSP.dll
0x00007ff867ea0000 - 0x00007ff867ed3000 	C:\WINDOWS\system32\rsaenh.dll
0x00007ff868600000 - 0x00007ff868625000 	C:\WINDOWS\SYSTEM32\bcrypt.dll
0x00007ff8689d0000 - 0x00007ff8689f8000 	C:\WINDOWS\SYSTEM32\USERENV.dll
0x00007ff8684f0000 - 0x00007ff8684fb000 	C:\WINDOWS\SYSTEM32\CRYPTBASE.dll
0x00007ff8680a0000 - 0x00007ff8680d8000 	C:\WINDOWS\SYSTEM32\IPHLPAPI.DLL
0x00007ff86ae40000 - 0x00007ff86ae48000 	C:\WINDOWS\System32\NSI.dll
0x00007ff85fe00000 - 0x00007ff85fe16000 	C:\WINDOWS\SYSTEM32\dhcpcsvc6.DLL
0x00007ff8602a0000 - 0x00007ff8602ba000 	C:\WINDOWS\SYSTEM32\dhcpcsvc.DLL

VM Arguments:
jvm_args: -Xmx1536m -Dfile.encoding=windows-1252 -Duser.country=CA -Duser.language=en -Duser.variant 
java_command: org.gradle.launcher.daemon.bootstrap.GradleDaemon 4.4
java_class_path (initial): C:\Users\Jason\.gradle\wrapper\dists\gradle-4.4-all\9br9xq1tocpiv8o6njlyu5op1\gradle-4.4\lib\gradle-launcher-4.4.jar
Launcher Type: SUN_STANDARD

Environment Variables:
PATH=C:\Program Files (x86)\Intel\iCLS Client\;C:\ProgramData\Oracle\Java\javapath;C:\Program Files\Intel\iCLS Client\;C:\Windows\system32;C:\Windows;C:\Windows\System32\Wbem;C:\Windows\System32\WindowsPowerShell\v1.0\;C:\Program Files (x86)\NVIDIA Corporation\PhysX\Common;C:\Program Files (x86)\Intel\Intel(R) Management Engine Components\DAL;C:\Program Files\Intel\Intel(R) Management Engine Components\DAL;C:\Program Files (x86)\Intel\Intel(R) Management Engine Components\IPT;C:\Program Files\Intel\Intel(R) Management Engine Components\IPT;C:\WINDOWS\system32;C:\WINDOWS;C:\WINDOWS\System32\Wbem;C:\WINDOWS\System32\WindowsPowerShell\v1.0\;C:\WINDOWS\System32\OpenSSH\;C:\Program Files\Intel\WiFi\bin\;C:\Program Files\Common Files\Intel\WirelessCommon\;C:\Program Files\Microsoft VS Code\bin;C:\Users\Jason\AppData\Local\Programs\Python\Python36\Scripts\;C:\Users\Jason\AppData\Local\Programs\Python\Python36\;C:\Users\Jason\AppData\Local\Microsoft\WindowsApps;
USERNAME=Jason
OS=Windows_NT
PROCESSOR_IDENTIFIER=Intel64 Family 6 Model 158 Stepping 9, GenuineIntel



---------------  S Y S T E M  ---------------

OS: Windows 10.0 , 64 bit Build 17134 (10.0.17134.1)

CPU:total 8 (initial active 8) (4 cores per cpu, 2 threads per core) family 6 model 158 stepping 9, cmov, cx8, fxsr, mmx, sse, sse2, sse3, ssse3, sse4.1, sse4.2, popcnt, avx, avx2, aes, clmul, erms, 3dnowpref, lzcnt, ht, tsc, tscinvbit, bmi1, bmi2, adx

Memory: 4k page, physical 8251664k(120348k free), swap 22130060k(58608k free)

vm_info: OpenJDK 64-Bit Server VM (25.152-b02) for windows-amd64 JRE (1.8.0_152-release-1024-b02), built by "builder" with MS VC++ 10.0 (VS2010)

time: Mon Jul 09 11:29:46 2018
elapsed time: 2751 seconds (0d 0h 45m 51s)

